<?xml version="1.0" encoding="UTF-8"?>
<testng-results ignored="0" total="1" passed="1" failed="0" skipped="0">
  <reporter-output>
  </reporter-output>
  <suite started-at="2024-12-28T14:55:20 IST" name="Default suite" finished-at="2024-12-28T14:55:26 IST" duration-ms="6141">
    <groups>
    </groups>
    <test started-at="2024-12-28T14:55:20 IST" name="Default test" finished-at="2024-12-28T14:55:26 IST" duration-ms="6141">
      <class name="baselibrary.Baselibrary">
        <test-method signature="launchurl()[pri:0, instance:baselibrary.Baselibrary@22ef9844]" started-at="2024-12-28T14:55:20 IST" name="launchurl" finished-at="2024-12-28T14:55:26 IST" duration-ms="6083" status="PASS">
          <reporter-output>
          </reporter-output>
        </test-method> <!-- launchurl -->
      </class> <!-- baselibrary.Baselibrary -->
    </test> <!-- Default test -->
  </suite> <!-- Default suite -->
</testng-results>
